[2015-12-30 03:03:39] app.WARNING: Statistics:Alerts:Totals/limit10 [] []
[2015-12-30 03:05:05] app.DEBUG: Statistics:Alerts:Totals/limit10 [] []
[2015-12-30 03:05:24] app.DEBUG: Statistics:Alerts:Totals/limit10 [] []
[2015-12-30 03:05:26] app.DEBUG: Statistics:Alerts:Totals/limit10 [] []
[2015-12-30 03:05:31] app.DEBUG: Statistics:Alerts:Totals/limit10 [] []
[2015-12-30 03:06:07] app.DEBUG: Statistics:Alerts:Totals/limit10 [] []
[2015-12-30 03:06:10] app.DEBUG: Statistics:Alerts:Totals/limit10 [] []
[2015-12-30 03:07:00] app.DEBUG: Statistics:Alerts:Totals/limit10 [] []
[2015-12-30 03:07:00] app.DEBUG: Array [] []
[2015-12-30 03:07:22] app.DEBUG: Statistics:Alerts:Totals/limit10 [] []
[2015-12-30 03:07:22] app.DEBUG: {"whereIns":{"ResultAlertCont":["2"]},"limit":10} [] []
[2015-12-30 03:08:12] app.DEBUG: Statistics:Alerts:Totals/whereIn904927c16b5749792fb648f6928ecc0a/limit10 [] []
[2015-12-30 03:08:12] app.DEBUG: {"whereIns":{"ResultAlertCont":["2"]},"limit":10} [] []
[2015-12-30 03:08:20] app.DEBUG: Statistics:Alerts:Totals/whereIn386b18476613c1f5a315e73043a3b335/limit10 [] []
[2015-12-30 03:08:20] app.DEBUG: {"whereIns":{"ResultAlertCont":["4"]},"limit":10} [] []
[2015-12-30 03:08:30] app.DEBUG: Statistics:Alerts:Totals/where1441a7909c087dbbe7ce59881b9df8b9/limit10 [] []
[2015-12-30 03:08:30] app.DEBUG: {"wheres":null,"limit":10} [] []
[2015-12-30 03:08:30] app.DEBUG: Statistics:Alerts:Totals/where1441a7909c087dbbe7ce59881b9df8b9/limit10 [] []
[2015-12-30 03:08:30] app.DEBUG: {"wheres":null,"limit":10} [] []
[2015-12-30 03:09:43] app.DEBUG: Statistics:Alerts:Totals/where1441a7909c087dbbe7ce59881b9df8b9/limit10 [] []
[2015-12-30 03:09:43] app.DEBUG: {"wheres":null,"limit":10} [] []
[2015-12-30 03:09:43] app.DEBUG: Statistics:Alerts:Totals/where1441a7909c087dbbe7ce59881b9df8b9/limit10 [] []
[2015-12-30 03:09:43] app.DEBUG: {"wheres":null,"limit":10} [] []
[2015-12-30 03:10:17] app.DEBUG: Statistics:Alerts:Totals/where1441a7909c087dbbe7ce59881b9df8b9/limit10 [] []
[2015-12-30 03:10:17] app.DEBUG: {"wheres":null,"limit":10} [] []
[2015-12-30 03:10:45] app.DEBUG: Statistics:Alerts:Totals/where1441a7909c087dbbe7ce59881b9df8b9/limit10 [] []
[2015-12-30 03:10:45] app.DEBUG: {"wheres":null,"limit":10} [] []
[2015-12-30 03:14:22] app.DEBUG: Statistics:Alerts:Totals/where1441a7909c087dbbe7ce59881b9df8b9/limit10 [] []
[2015-12-30 03:14:22] app.DEBUG: {"wheres":null,"limit":10} [] []
[2015-12-30 03:14:49] app.DEBUG: Statistics:Alerts:Totals/limit10 [] []
[2015-12-30 03:14:49] app.DEBUG: {"limit":10} [] []
[2015-12-30 03:15:13] app.DEBUG: Statistics:Alerts:Totals/limit10 [] []
[2015-12-30 03:15:13] app.DEBUG: {"limit":10} [] []
[2015-12-30 03:15:44] app.DEBUG: Statistics:Alerts:Totals/whered366d6512d0f941a94926e125b7b55c2/limit10 [] []
[2015-12-30 03:15:44] app.DEBUG: {"wheres":null,"limit":10} [] []
[2015-12-30 03:16:36] app.DEBUG: { ResultServer: 10 } [] []
[2015-12-30 03:16:36] app.DEBUG: Statistics:Alerts:Totals/whered366d6512d0f941a94926e125b7b55c2/limit10 [] []
[2015-12-30 03:16:36] app.DEBUG: {"wheres":null,"limit":10} [] []
[2015-12-30 03:16:54] app.DEBUG:  [] []
[2015-12-30 03:16:54] app.DEBUG: Statistics:Alerts:Totals/whered366d6512d0f941a94926e125b7b55c2/limit10 [] []
[2015-12-30 03:16:54] app.DEBUG: {"wheres":null,"limit":10} [] []
[2015-12-30 03:17:42] app.DEBUG:  [] []
[2015-12-30 03:17:42] app.DEBUG: Statistics:Alerts:Totals/where1441a7909c087dbbe7ce59881b9df8b9/limit10 [] []
[2015-12-30 03:17:42] app.DEBUG: {"wheres":null,"limit":10} [] []
[2015-12-30 03:18:03] app.DEBUG: Statistics:Alerts:Totals/limit10 [] []
[2015-12-30 03:18:03] app.DEBUG: {"limit":10} [] []
[2015-12-30 03:18:35] app.DEBUG: Statistics:Alerts:Totals/limit10 [] []
[2015-12-30 03:18:35] app.DEBUG: {"limit":10} [] []
[2015-12-30 03:21:57] app.DEBUG: Array [] []
[2015-12-30 03:21:57] app.DEBUG: Statistics:Alerts:Totals/wheref8eca2c347ca347f0c064548169b0b3c/limit10 [] []
[2015-12-30 03:21:57] app.DEBUG: {"wheres":{"ResultServer":1},"limit":10} [] []
[2015-12-30 03:24:35] app.DEBUG:  [] []
[2015-12-30 03:24:35] app.DEBUG: Statistics:Alerts:Totals/where1441a7909c087dbbe7ce59881b9df8b9/limit10 [] []
[2015-12-30 03:26:21] app.DEBUG:  [] []
[2015-12-30 03:26:21] app.DEBUG: Statistics:Alerts:Totals/where1441a7909c087dbbe7ce59881b9df8b9/limit10 [] []
[2015-12-30 03:26:48] app.DEBUG:  [] []
[2015-12-30 03:26:48] app.DEBUG: Statistics:Alerts:Totals/where1441a7909c087dbbe7ce59881b9df8b9/limit10 [] []
[2015-12-30 11:56:47] app.DEBUG:  [] []
[2015-12-30 11:56:47] app.DEBUG: Statistics:Alerts:Totals/where1441a7909c087dbbe7ce59881b9df8b9/limit10 [] []
[2015-12-30 12:02:07] app.DEBUG: [object Object] [] []
[2015-12-30 12:02:07] app.DEBUG:  [] []
[2015-12-30 12:02:07] app.DEBUG: Statistics:Alerts:Totals/where1441a7909c087dbbe7ce59881b9df8b9/limit10 [] []
[2015-12-30 12:02:51] app.DEBUG: "[object Object]" [] []
[2015-12-30 12:02:51] app.DEBUG:  [] []
[2015-12-30 12:02:51] app.DEBUG: Statistics:Alerts:Totals/where1441a7909c087dbbe7ce59881b9df8b9/limit10 [] []
[2015-12-30 12:06:33] app.DEBUG: Statistics:Alerts:Totals/limit10 [] []
[2015-12-30 12:06:46] app.DEBUG: Statistics:Alerts:Totals/limit10 [] []
[2015-12-30 12:07:33] app.DEBUG: "[object Object]" [] []
[2015-12-30 12:07:33] app.DEBUG:  [] []
[2015-12-30 12:07:33] app.DEBUG: Statistics:Alerts:Totals/where1441a7909c087dbbe7ce59881b9df8b9/limit10 [] []
[2015-12-30 12:08:05] app.DEBUG: [object Object] [] []
[2015-12-30 12:08:05] app.DEBUG:  [] []
[2015-12-30 12:08:05] app.DEBUG: Statistics:Alerts:Totals/where1441a7909c087dbbe7ce59881b9df8b9/limit10 [] []
[2015-12-30 12:12:32] app.DEBUG:  [] []
[2015-12-30 12:12:32] app.DEBUG: Statistics:Alerts:Totals/where1441a7909c087dbbe7ce59881b9df8b9/limit10 [] []
[2015-12-30 12:14:27] app.DEBUG:  [] []
[2015-12-30 12:14:27] app.DEBUG: Statistics:Alerts:Totals/where1441a7909c087dbbe7ce59881b9df8b9/limit10 [] []
[2015-12-30 12:14:41] app.DEBUG: Array [] []
[2015-12-30 12:14:41] app.DEBUG: Statistics:Alerts:Totals/wheref8eca2c347ca347f0c064548169b0b3c/limit10 [] []
[2015-12-30 12:15:23] app.DEBUG: Array [] []
[2015-12-30 12:16:15] app.DEBUG: {"wheres":"{\"ResultServer\":1}"} [] []
[2015-12-30 12:16:59] app.DEBUG: {"wheres":"{\"ResultServer\":1}"} [] []
[2015-12-30 12:17:19] app.DEBUG: {"wheres":"[object Object]"} [] []
[2015-12-30 12:23:47] app.DEBUG: {"wheres":"[object Object]"} [] []
[2015-12-30 12:41:05] app.DEBUG: {"wheres":"{\"ResultServer\":1}"} [] []
[2015-12-30 12:42:07] app.DEBUG: {"wheres":"{\"ResultServer\":1}"} [] []
[2015-12-30 12:42:07] app.DEBUG: Array [] []
[2015-12-30 12:42:07] app.DEBUG: Statistics:Alerts:Totals/wheref8eca2c347ca347f0c064548169b0b3c/limit10 [] []
[2015-12-30 12:43:07] app.DEBUG: {"wheres":"{\"ResultServer\":1}"} [] []
[2015-12-30 12:43:07] app.DEBUG: Array [] []
[2015-12-30 12:43:07] app.DEBUG: Statistics:Alerts:Totals/wheref8eca2c347ca347f0c064548169b0b3c/limit10 [] []
[2015-12-30 12:43:34] app.DEBUG: {"wheres":"{\"ResultServer\":1}"} [] []
[2015-12-30 12:43:34] app.DEBUG: "{\"ResultServer\":1}" [] []
[2015-12-30 12:43:34] app.DEBUG: Statistics:Alerts:Totals/wheref8eca2c347ca347f0c064548169b0b3c/limit10 [] []
[2015-12-30 12:44:12] app.DEBUG: {"wheres":"{\"ResultServer\":10}"} [] []
[2015-12-30 12:44:12] app.DEBUG: Statistics:Alerts:Totals/where6b682aaa86f99f83eb1d768b0528413b/limit10 [] []
[2015-12-30 12:45:18] app.DEBUG: {"wheres":"{\"ResultServer\":1}"} [] []
[2015-12-30 12:45:18] app.DEBUG: {"ResultServer":1} [] []
[2015-12-30 12:45:18] app.DEBUG: Statistics:Alerts:Totals/wheref8eca2c347ca347f0c064548169b0b3c/limit10 [] []
[2015-12-30 12:46:05] app.DEBUG: {"wheres":"{\"ResultServer\":1}"} [] []
[2015-12-30 12:46:05] app.DEBUG: {"ResultServer":1} [] []
[2015-12-30 12:46:05] app.DEBUG: Statistics:Alerts:Totals/wheref8eca2c347ca347f0c064548169b0b3c/limit10 [] []
[2015-12-30 12:50:03] app.DEBUG: {"wheres":"{\"ResultServer\":10}"} [] []
[2015-12-30 12:50:03] app.DEBUG: {"ResultServer":10} [] []
[2015-12-30 12:50:03] app.DEBUG: Statistics:Alerts:Totals/where6b682aaa86f99f83eb1d768b0528413b/limit10 [] []
[2015-12-30 12:50:43] app.DEBUG: {"wheres":"{\"ResultServer\":1}"} [] []
[2015-12-30 12:50:43] app.DEBUG: {"ResultServer":1} [] []
[2015-12-30 12:50:43] app.DEBUG: Statistics:Alerts:Totals/wheref8eca2c347ca347f0c064548169b0b3c/limit10 [] []
[2015-12-30 12:50:43] app.DEBUG: {"wheres":"{\"ResultServer\":1}"} [] []
[2015-12-30 12:50:43] app.DEBUG: {"ResultServer":1} [] []
[2015-12-30 12:50:43] app.DEBUG: Statistics:Alerts:Totals/wheref8eca2c347ca347f0c064548169b0b3c/limit10 [] []
[2015-12-30 12:51:33] app.DEBUG: {"wheres":"{\"Valid\":1}"} [] []
[2015-12-30 12:51:33] app.DEBUG: {"Valid":1} [] []
[2015-12-30 12:51:33] app.DEBUG: Statistics:Alerts:Totals/wherecd237ed26368bb0bf3ccd1b8e4f95c4e/limit10 [] []
[2015-12-30 12:51:33] app.DEBUG: {"wheres":"{\"ResultDomination\":1}"} [] []
[2015-12-30 12:51:33] app.DEBUG: {"ResultDomination":1} [] []
[2015-12-30 12:51:33] app.DEBUG: Statistics:Alerts:Totals/where15b3cb6e244a5699be236e67b3efd20e/limit10 [] []
[2015-12-30 12:52:10] app.DEBUG: {"wheres":"{\"ResultWinner\":\"tr\"}"} [] []
[2015-12-30 12:52:10] app.DEBUG: {"ResultWinner":"tr"} [] []
[2015-12-30 12:52:10] app.DEBUG: Statistics:Alerts:Totals/wherebb790bfbd8ab0741c8b0ad575e608649/limit10 [] []
[2015-12-30 12:52:10] app.DEBUG: {"wheres":"{\"ResultWinner\":\"draw\"}"} [] []
[2015-12-30 12:52:10] app.DEBUG: {"ResultWinner":"draw"} [] []
[2015-12-30 12:52:10] app.DEBUG: {"wheres":"{\"ResultWinner\":\"vs\"}"} [] []
[2015-12-30 12:52:10] app.DEBUG: Statistics:Alerts:Totals/where79c01d5b723803cdfa559e3e90163007/limit10 [] []
[2015-12-30 12:52:10] app.DEBUG: {"ResultWinner":"vs"} [] []
[2015-12-30 12:52:10] app.DEBUG: Statistics:Alerts:Totals/wherefb98a48ff2baebcd7d71c835f79766ec/limit10 [] []
[2015-12-30 12:52:10] app.DEBUG: {"wheres":"{\"ResultWinner\":\"nc\"}"} [] []
[2015-12-30 12:52:10] app.DEBUG: {"ResultWinner":"nc"} [] []
[2015-12-30 12:52:10] app.DEBUG: Statistics:Alerts:Totals/where6401a399eef6b1f0c70a03008199194a/limit10 [] []
[2015-12-30 12:52:10] app.DEBUG: {"wheres":"{\"Valid\":1}"} [] []
[2015-12-30 12:52:10] app.DEBUG: {"Valid":1} [] []
[2015-12-30 12:52:10] app.DEBUG: Statistics:Alerts:Totals/wherecd237ed26368bb0bf3ccd1b8e4f95c4e/limit10 [] []
[2015-12-30 12:52:11] app.DEBUG: {"wheres":"{\"ResultDomination\":1}"} [] []
[2015-12-30 12:52:11] app.DEBUG: {"ResultDomination":1} [] []
[2015-12-30 12:52:11] app.DEBUG: Statistics:Alerts:Totals/where15b3cb6e244a5699be236e67b3efd20e/limit10 [] []
[2015-12-30 12:52:13] app.DEBUG: {"wheres":"{\"ResultWinner\":\"tr\",\"ResultServer\":1}"} [] []
[2015-12-30 12:52:13] app.DEBUG: {"ResultWinner":"tr","ResultServer":1} [] []
[2015-12-30 12:52:13] app.DEBUG: Statistics:Alerts:Totals/where31af51c392ca77720a77736a4b8c567a/limit10 [] []
[2015-12-30 12:52:13] app.DEBUG: {"wheres":"{\"ResultWinner\":\"vs\",\"ResultDomination\":1}"} [] []
[2015-12-30 12:52:13] app.DEBUG: {"ResultWinner":"vs","ResultDomination":1} [] []
[2015-12-30 12:52:13] app.DEBUG: Statistics:Alerts:Totals/where34cfc390a5369d73d59ff006d9076ea4/limit10 [] []
[2015-12-30 12:52:13] app.DEBUG: {"wheres":"{\"ResultWinner\":\"nc\",\"ResultDomination\":1}"} [] []
[2015-12-30 12:52:13] app.DEBUG: {"ResultWinner":"nc","ResultDomination":1} [] []
[2015-12-30 12:52:13] app.DEBUG: Statistics:Alerts:Totals/where54f23076d2a5bd76b56634f9e8935984/limit10 [] []
[2015-12-30 12:52:13] app.DEBUG: {"wheres":"{\"ResultWinner\":\"tr\",\"ResultDomination\":1}"} [] []
[2015-12-30 12:52:13] app.DEBUG: {"ResultWinner":"tr","ResultDomination":1} [] []
[2015-12-30 12:52:13] app.DEBUG: Statistics:Alerts:Totals/where7207b7684866e907a3bed3bab4ee90a5/limit10 [] []
[2015-12-30 12:52:13] app.DEBUG: {"wheres":"{\"ResultWinner\":\"vs\",\"ResultServer\":1}"} [] []
[2015-12-30 12:52:13] app.DEBUG: {"ResultWinner":"vs","ResultServer":1} [] []
[2015-12-30 12:52:13] app.DEBUG: Statistics:Alerts:Totals/where739e189322e14e13f3c1fbda81f51c9b/limit10 [] []
[2015-12-30 12:52:13] app.DEBUG: {"wheres":"{\"ResultWinner\":\"nc\",\"ResultServer\":1}"} [] []
[2015-12-30 12:52:13] app.DEBUG: {"ResultWinner":"nc","ResultServer":1} [] []
[2015-12-30 12:52:13] app.DEBUG: Statistics:Alerts:Totals/where3b1810df8ab3b7813cdffc33a4cb1bd0/limit10 [] []
[2015-12-30 12:52:14] app.DEBUG: {"wheres":"{\"ResultWinner\":\"draw\",\"ResultServer\":1}"} [] []
[2015-12-30 12:52:14] app.DEBUG: {"ResultWinner":"draw","ResultServer":1} [] []
[2015-12-30 12:52:14] app.DEBUG: Statistics:Alerts:Totals/whereead4d0b24b5a3829198818b4f57ecc73/limit10 [] []
[2015-12-30 12:53:01] app.DEBUG: {"wheres":"{\"ResultWinner\":\"nc\",\"ResultServer\":1}"} [] []
[2015-12-30 12:53:01] app.DEBUG: {"ResultWinner":"nc","ResultServer":1} [] []
[2015-12-30 12:53:01] app.DEBUG: Statistics:Alerts:Totals/where3b1810df8ab3b7813cdffc33a4cb1bd0/limit10 [] []
[2015-12-30 12:53:02] app.DEBUG: {"wheres":"{\"ResultWinner\":\"tr\",\"ResultServer\":1}"} [] []
[2015-12-30 12:53:02] app.DEBUG: {"ResultWinner":"tr","ResultServer":1} [] []
[2015-12-30 12:53:02] app.DEBUG: Statistics:Alerts:Totals/where31af51c392ca77720a77736a4b8c567a/limit10 [] []
[2015-12-30 12:53:02] app.DEBUG: {"wheres":"{\"ResultWinner\":\"vs\",\"ResultServer\":1}"} [] []
[2015-12-30 12:53:02] app.DEBUG: {"ResultWinner":"vs","ResultServer":1} [] []
[2015-12-30 12:53:02] app.DEBUG: Statistics:Alerts:Totals/where739e189322e14e13f3c1fbda81f51c9b/limit10 [] []
[2015-12-30 12:53:02] app.DEBUG: {"wheres":"{\"Valid\":1}"} [] []
[2015-12-30 12:53:02] app.DEBUG: {"Valid":1} [] []
[2015-12-30 12:53:02] app.DEBUG: Statistics:Alerts:Totals/wherecd237ed26368bb0bf3ccd1b8e4f95c4e/limit10 [] []
[2015-12-30 12:53:02] app.DEBUG: {"wheres":"{\"ResultWinner\":\"draw\",\"ResultServer\":1}"} [] []
[2015-12-30 12:53:02] app.DEBUG: {"ResultWinner":"draw","ResultServer":1} [] []
[2015-12-30 12:53:02] app.DEBUG: Statistics:Alerts:Totals/whereead4d0b24b5a3829198818b4f57ecc73/limit10 [] []
[2015-12-30 12:53:03] app.DEBUG: {"wheres":"{\"ResultWinner\":\"vs\"}"} [] []
[2015-12-30 12:53:03] app.DEBUG: {"ResultWinner":"vs"} [] []
[2015-12-30 12:53:03] app.DEBUG: Statistics:Alerts:Totals/wherefb98a48ff2baebcd7d71c835f79766ec/limit10 [] []
[2015-12-30 12:53:03] app.DEBUG: {"wheres":"{\"ResultWinner\":\"nc\"}"} [] []
[2015-12-30 12:53:04] app.DEBUG: {"ResultWinner":"nc"} [] []
[2015-12-30 12:53:04] app.DEBUG: Statistics:Alerts:Totals/where6401a399eef6b1f0c70a03008199194a/limit10 [] []
[2015-12-30 12:53:03] app.DEBUG: {"wheres":"{\"ResultDomination\":1}"} [] []
[2015-12-30 12:53:04] app.DEBUG: {"ResultDomination":1} [] []
[2015-12-30 12:53:04] app.DEBUG: Statistics:Alerts:Totals/where15b3cb6e244a5699be236e67b3efd20e/limit10 [] []
[2015-12-30 12:53:04] app.DEBUG: {"wheres":"{\"ResultWinner\":\"tr\"}"} [] []
[2015-12-30 12:53:04] app.DEBUG: {"ResultWinner":"tr"} [] []
[2015-12-30 12:53:04] app.DEBUG: Statistics:Alerts:Totals/wherebb790bfbd8ab0741c8b0ad575e608649/limit10 [] []
[2015-12-30 12:53:04] app.DEBUG: {"wheres":"{\"ResultWinner\":\"draw\"}"} [] []
[2015-12-30 12:53:04] app.DEBUG: {"ResultWinner":"draw"} [] []
[2015-12-30 12:53:04] app.DEBUG: Statistics:Alerts:Totals/where79c01d5b723803cdfa559e3e90163007/limit10 [] []
[2015-12-30 12:53:04] app.DEBUG: {"wheres":"{\"ResultWinner\":\"vs\",\"ResultDomination\":1}"} [] []
[2015-12-30 12:53:04] app.DEBUG: {"ResultWinner":"vs","ResultDomination":1} [] []
[2015-12-30 12:53:04] app.DEBUG: Statistics:Alerts:Totals/where34cfc390a5369d73d59ff006d9076ea4/limit10 [] []
[2015-12-30 12:53:05] app.DEBUG: {"wheres":"{\"ResultWinner\":\"tr\",\"ResultDomination\":1}"} [] []
[2015-12-30 12:53:05] app.DEBUG: {"ResultWinner":"tr","ResultDomination":1} [] []
[2015-12-30 12:53:05] app.DEBUG: Statistics:Alerts:Totals/where7207b7684866e907a3bed3bab4ee90a5/limit10 [] []
[2015-12-30 12:53:05] app.DEBUG: {"wheres":"{\"ResultWinner\":\"nc\",\"ResultDomination\":1}"} [] []
[2015-12-30 12:53:05] app.DEBUG: {"ResultWinner":"nc","ResultDomination":1} [] []
[2015-12-30 12:53:05] app.DEBUG: Statistics:Alerts:Totals/where54f23076d2a5bd76b56634f9e8935984/limit10 [] []
[2015-12-30 12:53:49] app.DEBUG: {"wheres":"{\"ResultWinner\":\"draw\",\"ResultServer\":1}"} [] []
[2015-12-30 12:53:49] app.DEBUG: {"ResultWinner":"draw","ResultServer":1} [] []
[2015-12-30 12:53:49] app.DEBUG: Statistics:Alerts:Totals/whereead4d0b24b5a3829198818b4f57ecc73/limit10 [] []
[2015-12-30 12:53:49] app.DEBUG: {"wheres":"{\"ResultWinner\":\"nc\",\"ResultServer\":1}"} [] []
[2015-12-30 12:53:49] app.DEBUG: {"ResultWinner":"nc","ResultServer":1} [] []
[2015-12-30 12:53:49] app.DEBUG: Statistics:Alerts:Totals/where3b1810df8ab3b7813cdffc33a4cb1bd0/limit10 [] []
[2015-12-30 12:53:50] app.DEBUG: {"wheres":"{\"Valid\":1}"} [] []
[2015-12-30 12:53:50] app.DEBUG: {"Valid":1} [] []
[2015-12-30 12:53:50] app.DEBUG: Statistics:Alerts:Totals/wherecd237ed26368bb0bf3ccd1b8e4f95c4e/limit10 [] []
[2015-12-30 12:53:50] app.DEBUG: {"wheres":"{\"ResultWinner\":\"vs\",\"ResultServer\":1}"} [] []
[2015-12-30 12:53:50] app.DEBUG: {"ResultWinner":"vs","ResultServer":1} [] []
[2015-12-30 12:53:50] app.DEBUG: Statistics:Alerts:Totals/where739e189322e14e13f3c1fbda81f51c9b/limit10 [] []
[2015-12-30 12:53:50] app.DEBUG: {"wheres":"{\"ResultWinner\":\"tr\",\"ResultServer\":1}"} [] []
[2015-12-30 12:53:50] app.DEBUG: {"ResultWinner":"tr","ResultServer":1} [] []
[2015-12-30 12:53:50] app.DEBUG: Statistics:Alerts:Totals/where31af51c392ca77720a77736a4b8c567a/limit10 [] []
[2015-12-30 12:53:50] app.DEBUG: {"wheres":"{\"ResultDomination\":1}"} [] []
[2015-12-30 12:53:50] app.DEBUG: {"ResultDomination":1} [] []
[2015-12-30 12:53:50] app.DEBUG: Statistics:Alerts:Totals/where15b3cb6e244a5699be236e67b3efd20e/limit10 [] []
[2015-12-30 12:53:51] app.DEBUG: {"wheres":"{\"ResultWinner\":\"vs\"}"} [] []
[2015-12-30 12:53:51] app.DEBUG: {"ResultWinner":"vs"} [] []
[2015-12-30 12:53:51] app.DEBUG: Statistics:Alerts:Totals/wherefb98a48ff2baebcd7d71c835f79766ec/limit10 [] []
[2015-12-30 12:53:51] app.DEBUG: {"wheres":"{\"ResultWinner\":\"nc\"}"} [] []
[2015-12-30 12:53:51] app.DEBUG: {"ResultWinner":"nc"} [] []
[2015-12-30 12:53:51] app.DEBUG: Statistics:Alerts:Totals/where6401a399eef6b1f0c70a03008199194a/limit10 [] []
[2015-12-30 12:53:52] app.DEBUG: {"wheres":"{\"ResultWinner\":\"draw\"}"} [] []
[2015-12-30 12:53:52] app.DEBUG: {"ResultWinner":"draw"} [] []
[2015-12-30 12:53:52] app.DEBUG: Statistics:Alerts:Totals/where79c01d5b723803cdfa559e3e90163007/limit10 [] []
[2015-12-30 12:53:52] app.DEBUG: {"wheres":"{\"ResultWinner\":\"tr\"}"} [] []
[2015-12-30 12:53:52] app.DEBUG: {"ResultWinner":"tr"} [] []
[2015-12-30 12:53:52] app.DEBUG: Statistics:Alerts:Totals/wherebb790bfbd8ab0741c8b0ad575e608649/limit10 [] []
[2015-12-30 12:53:52] app.DEBUG: {"wheres":"{\"ResultWinner\":\"vs\",\"ResultDomination\":1}"} [] []
[2015-12-30 12:53:52] app.DEBUG: {"ResultWinner":"vs","ResultDomination":1} [] []
[2015-12-30 12:53:52] app.DEBUG: Statistics:Alerts:Totals/where34cfc390a5369d73d59ff006d9076ea4/limit10 [] []
[2015-12-30 12:53:52] app.DEBUG: {"wheres":"{\"ResultWinner\":\"nc\",\"ResultDomination\":1}"} [] []
[2015-12-30 12:53:52] app.DEBUG: {"ResultWinner":"nc","ResultDomination":1} [] []
[2015-12-30 12:53:52] app.DEBUG: Statistics:Alerts:Totals/where54f23076d2a5bd76b56634f9e8935984/limit10 [] []
[2015-12-30 12:53:52] app.DEBUG: {"wheres":"{\"ResultWinner\":\"tr\",\"ResultDomination\":1}"} [] []
[2015-12-30 12:53:52] app.DEBUG: {"ResultWinner":"tr","ResultDomination":1} [] []
[2015-12-30 12:53:52] app.DEBUG: Statistics:Alerts:Totals/where7207b7684866e907a3bed3bab4ee90a5/limit10 [] []
[2015-12-30 12:54:19] app.DEBUG: {"wheres":"{\"ResultWinner\":\"tr\",\"ResultServer\":1}"} [] []
[2015-12-30 12:54:19] app.DEBUG: {"ResultWinner":"tr","ResultServer":1} [] []
[2015-12-30 12:54:19] app.DEBUG: Statistics:Alerts:Totals/where31af51c392ca77720a77736a4b8c567a/limit10 [] []
[2015-12-30 12:54:20] app.DEBUG: {"wheres":"{\"ResultWinner\":\"draw\",\"ResultServer\":1}"} [] []
[2015-12-30 12:54:20] app.DEBUG: {"ResultWinner":"draw","ResultServer":1} [] []
[2015-12-30 12:54:20] app.DEBUG: Statistics:Alerts:Totals/whereead4d0b24b5a3829198818b4f57ecc73/limit10 [] []
[2015-12-30 12:54:20] app.DEBUG: {"wheres":"{\"Valid\":1}"} [] []
[2015-12-30 12:54:20] app.DEBUG: {"Valid":1} [] []
[2015-12-30 12:54:20] app.DEBUG: Statistics:Alerts:Totals/wherecd237ed26368bb0bf3ccd1b8e4f95c4e/limit10 [] []
[2015-12-30 12:54:20] app.DEBUG: {"wheres":"{\"ResultWinner\":\"nc\",\"ResultServer\":1}"} [] []
[2015-12-30 12:54:20] app.DEBUG: {"ResultWinner":"nc","ResultServer":1} [] []
[2015-12-30 12:54:20] app.DEBUG: Statistics:Alerts:Totals/where3b1810df8ab3b7813cdffc33a4cb1bd0/limit10 [] []
[2015-12-30 12:54:20] app.DEBUG: {"wheres":"{\"ResultWinner\":\"vs\",\"ResultServer\":1}"} [] []
[2015-12-30 12:54:20] app.DEBUG: {"ResultWinner":"vs","ResultServer":1} [] []
[2015-12-30 12:54:20] app.DEBUG: Statistics:Alerts:Totals/where739e189322e14e13f3c1fbda81f51c9b/limit10 [] []
[2015-12-30 12:54:20] app.DEBUG: {"wheres":"{\"ResultDomination\":1}"} [] []
[2015-12-30 12:54:20] app.DEBUG: {"ResultDomination":1} [] []
[2015-12-30 12:54:20] app.DEBUG: Statistics:Alerts:Totals/where15b3cb6e244a5699be236e67b3efd20e/limit10 [] []
[2015-12-30 12:54:22] app.DEBUG: {"wheres":"{\"ResultWinner\":\"vs\"}"} [] []
[2015-12-30 12:54:22] app.DEBUG: {"ResultWinner":"vs"} [] []
[2015-12-30 12:54:22] app.DEBUG: Statistics:Alerts:Totals/wherefb98a48ff2baebcd7d71c835f79766ec/limit10 [] []
[2015-12-30 12:54:22] app.DEBUG: {"wheres":"{\"ResultWinner\":\"nc\"}"} [] []
[2015-12-30 12:54:22] app.DEBUG: {"ResultWinner":"nc"} [] []
[2015-12-30 12:54:22] app.DEBUG: Statistics:Alerts:Totals/where6401a399eef6b1f0c70a03008199194a/limit10 [] []
[2015-12-30 12:54:22] app.DEBUG: {"wheres":"{\"ResultWinner\":\"vs\",\"ResultDomination\":1}"} [] []
[2015-12-30 12:54:22] app.DEBUG: {"ResultWinner":"vs","ResultDomination":1} [] []
[2015-12-30 12:54:22] app.DEBUG: Statistics:Alerts:Totals/where34cfc390a5369d73d59ff006d9076ea4/limit10 [] []
[2015-12-30 12:54:22] app.DEBUG: {"wheres":"{\"ResultWinner\":\"tr\"}"} [] []
[2015-12-30 12:54:22] app.DEBUG: {"ResultWinner":"tr"} [] []
[2015-12-30 12:54:22] app.DEBUG: Statistics:Alerts:Totals/wherebb790bfbd8ab0741c8b0ad575e608649/limit10 [] []
[2015-12-30 12:54:22] app.DEBUG: {"wheres":"{\"ResultWinner\":\"nc\",\"ResultDomination\":1}"} [] []
[2015-12-30 12:54:22] app.DEBUG: {"ResultWinner":"nc","ResultDomination":1} [] []
[2015-12-30 12:54:22] app.DEBUG: Statistics:Alerts:Totals/where54f23076d2a5bd76b56634f9e8935984/limit10 [] []
[2015-12-30 12:54:22] app.DEBUG: {"wheres":"{\"ResultWinner\":\"draw\"}"} [] []
[2015-12-30 12:54:22] app.DEBUG: {"ResultWinner":"draw"} [] []
[2015-12-30 12:54:22] app.DEBUG: Statistics:Alerts:Totals/where79c01d5b723803cdfa559e3e90163007/limit10 [] []
[2015-12-30 12:54:23] app.DEBUG: {"wheres":"{\"ResultWinner\":\"tr\",\"ResultDomination\":1}"} [] []
[2015-12-30 12:54:23] app.DEBUG: {"ResultWinner":"tr","ResultDomination":1} [] []
[2015-12-30 12:54:23] app.DEBUG: Statistics:Alerts:Totals/where7207b7684866e907a3bed3bab4ee90a5/limit10 [] []
[2015-12-30 12:55:56] app.DEBUG: {"wheres":"{\"ResultWinner\":\"draw\"}"} [] []
[2015-12-30 12:55:56] app.DEBUG: {"ResultWinner":"draw"} [] []
[2015-12-30 12:55:56] app.DEBUG: Statistics:Alerts:Totals/where79c01d5b723803cdfa559e3e90163007/limit10 [] []
[2015-12-30 12:55:56] app.DEBUG: {"wheres":"{\"Valid\":1}"} [] []
[2015-12-30 12:55:56] app.DEBUG: {"Valid":1} [] []
[2015-12-30 12:55:56] app.DEBUG: Statistics:Alerts:Totals/wherecd237ed26368bb0bf3ccd1b8e4f95c4e/limit10 [] []
[2015-12-30 12:55:56] app.DEBUG: {"wheres":"{\"ResultWinner\":\"nc\"}"} [] []
[2015-12-30 12:55:56] app.DEBUG: {"wheres":"{\"ResultWinner\":\"tr\"}"} [] []
[2015-12-30 12:55:56] app.DEBUG: {"ResultWinner":"nc"} [] []
[2015-12-30 12:55:56] app.DEBUG: {"ResultWinner":"tr"} [] []
[2015-12-30 12:55:56] app.DEBUG: Statistics:Alerts:Totals/wherebb790bfbd8ab0741c8b0ad575e608649/limit10 [] []
[2015-12-30 12:55:56] app.DEBUG: Statistics:Alerts:Totals/where6401a399eef6b1f0c70a03008199194a/limit10 [] []
[2015-12-30 12:55:56] app.DEBUG: {"wheres":"{\"ResultWinner\":\"vs\"}"} [] []
[2015-12-30 12:55:57] app.DEBUG: {"ResultWinner":"vs"} [] []
[2015-12-30 12:55:57] app.DEBUG: Statistics:Alerts:Totals/wherefb98a48ff2baebcd7d71c835f79766ec/limit10 [] []
[2015-12-30 12:55:57] app.DEBUG: {"wheres":"{\"ResultDomination\":1}"} [] []
[2015-12-30 12:55:57] app.DEBUG: {"ResultDomination":1} [] []
[2015-12-30 12:55:57] app.DEBUG: Statistics:Alerts:Totals/where15b3cb6e244a5699be236e67b3efd20e/limit10 [] []
[2015-12-30 12:55:57] app.DEBUG: {"wheres":"{\"ResultWinner\":\"tr\",\"ResultDomination\":1}"} [] []
[2015-12-30 12:55:57] app.DEBUG: {"ResultWinner":"tr","ResultDomination":1} [] []
[2015-12-30 12:55:57] app.DEBUG: Statistics:Alerts:Totals/where7207b7684866e907a3bed3bab4ee90a5/limit10 [] []
[2015-12-30 12:55:57] app.DEBUG: {"wheres":"{\"ResultWinner\":\"nc\",\"ResultDomination\":1}"} [] []
[2015-12-30 12:55:57] app.DEBUG: {"ResultWinner":"nc","ResultDomination":1} [] []
[2015-12-30 12:55:57] app.DEBUG: Statistics:Alerts:Totals/where54f23076d2a5bd76b56634f9e8935984/limit10 [] []
[2015-12-30 12:55:57] app.DEBUG: {"wheres":"{\"ResultWinner\":\"vs\",\"ResultDomination\":1}"} [] []
[2015-12-30 12:55:57] app.DEBUG: {"ResultWinner":"vs","ResultDomination":1} [] []
[2015-12-30 12:55:57] app.DEBUG: Statistics:Alerts:Totals/where34cfc390a5369d73d59ff006d9076ea4/limit10 [] []
[2015-12-30 12:55:58] app.DEBUG: {"wheres":"{\"ResultWinner\":\"draw\",\"ResultServer\":1}"} [] []
[2015-12-30 12:55:59] app.DEBUG: {"ResultWinner":"draw","ResultServer":1} [] []
[2015-12-30 12:55:59] app.DEBUG: Statistics:Alerts:Totals/whereead4d0b24b5a3829198818b4f57ecc73/limit10 [] []
[2015-12-30 12:55:59] app.DEBUG: {"wheres":"{\"ResultWinner\":\"vs\",\"ResultServer\":1}"} [] []
[2015-12-30 12:55:59] app.DEBUG: {"ResultWinner":"vs","ResultServer":1} [] []
[2015-12-30 12:55:59] app.DEBUG: Statistics:Alerts:Totals/where739e189322e14e13f3c1fbda81f51c9b/limit10 [] []
[2015-12-30 12:55:59] app.DEBUG: {"wheres":"{\"ResultWinner\":\"tr\",\"ResultServer\":1}"} [] []
[2015-12-30 12:55:59] app.DEBUG: {"ResultWinner":"tr","ResultServer":1} [] []
[2015-12-30 12:55:59] app.DEBUG: Statistics:Alerts:Totals/where31af51c392ca77720a77736a4b8c567a/limit10 [] []
[2015-12-30 12:55:59] app.DEBUG: {"wheres":"{\"ResultWinner\":\"nc\",\"ResultServer\":1}"} [] []
[2015-12-30 12:55:59] app.DEBUG: {"ResultWinner":"nc","ResultServer":1} [] []
[2015-12-30 12:55:59] app.DEBUG: Statistics:Alerts:Totals/where3b1810df8ab3b7813cdffc33a4cb1bd0/limit10 [] []
[2015-12-30 12:56:10] app.DEBUG: {"wheres":"{\"ResultDomination\":1}"} [] []
[2015-12-30 12:56:10] app.DEBUG: {"ResultDomination":1} [] []
[2015-12-30 12:56:10] app.DEBUG: Statistics:Alerts:Totals/where15b3cb6e244a5699be236e67b3efd20e/limit10 [] []
[2015-12-30 12:56:10] app.DEBUG: {"wheres":"{\"ResultWinner\":\"tr\"}"} [] []
[2015-12-30 12:56:10] app.DEBUG: {"ResultWinner":"tr"} [] []
[2015-12-30 12:56:10] app.DEBUG: Statistics:Alerts:Totals/wherebb790bfbd8ab0741c8b0ad575e608649/limit10 [] []
[2015-12-30 12:56:10] app.DEBUG: {"wheres":"{\"Valid\":1}"} [] []
[2015-12-30 12:56:10] app.DEBUG: {"Valid":1} [] []
[2015-12-30 12:56:10] app.DEBUG: Statistics:Alerts:Totals/wherecd237ed26368bb0bf3ccd1b8e4f95c4e/limit10 [] []
[2015-12-30 12:56:10] app.DEBUG: {"wheres":"{\"ResultWinner\":\"nc\"}"} [] []
[2015-12-30 12:56:10] app.DEBUG: {"ResultWinner":"nc"} [] []
[2015-12-30 12:56:10] app.DEBUG: Statistics:Alerts:Totals/where6401a399eef6b1f0c70a03008199194a/limit10 [] []
[2015-12-30 12:56:10] app.DEBUG: {"wheres":"{\"ResultWinner\":\"draw\"}"} [] []
[2015-12-30 12:56:10] app.DEBUG: {"ResultWinner":"draw"} [] []
[2015-12-30 12:56:10] app.DEBUG: Statistics:Alerts:Totals/where79c01d5b723803cdfa559e3e90163007/limit10 [] []
[2015-12-30 12:56:10] app.DEBUG: {"wheres":"{\"ResultWinner\":\"vs\"}"} [] []
[2015-12-30 12:56:10] app.DEBUG: {"ResultWinner":"vs"} [] []
[2015-12-30 12:56:10] app.DEBUG: Statistics:Alerts:Totals/wherefb98a48ff2baebcd7d71c835f79766ec/limit10 [] []
[2015-12-30 12:56:11] app.DEBUG: {"wheres":"{\"ResultWinner\":\"vs\",\"ResultDomination\":1}"} [] []
[2015-12-30 12:56:11] app.DEBUG: {"ResultWinner":"vs","ResultDomination":1} [] []
[2015-12-30 12:56:11] app.DEBUG: Statistics:Alerts:Totals/where34cfc390a5369d73d59ff006d9076ea4/limit10 [] []
[2015-12-30 12:56:11] app.DEBUG: {"wheres":"{\"ResultWinner\":\"nc\",\"ResultDomination\":1}"} [] []
[2015-12-30 12:56:11] app.DEBUG: {"ResultWinner":"nc","ResultDomination":1} [] []
[2015-12-30 12:56:11] app.DEBUG: Statistics:Alerts:Totals/where54f23076d2a5bd76b56634f9e8935984/limit10 [] []
[2015-12-30 12:56:11] app.DEBUG: {"wheres":"{\"ResultWinner\":\"tr\",\"ResultDomination\":1}"} [] []
[2015-12-30 12:56:11] app.DEBUG: {"ResultWinner":"tr","ResultDomination":1} [] []
[2015-12-30 12:56:11] app.DEBUG: Statistics:Alerts:Totals/where7207b7684866e907a3bed3bab4ee90a5/limit10 [] []
[2015-12-30 12:56:12] app.DEBUG: {"wheres":"{\"ResultWinner\":\"draw\",\"ResultServer\":1}"} [] []
[2015-12-30 12:56:12] app.DEBUG: {"ResultWinner":"draw","ResultServer":1} [] []
[2015-12-30 12:56:12] app.DEBUG: Statistics:Alerts:Totals/whereead4d0b24b5a3829198818b4f57ecc73/limit10 [] []
[2015-12-30 12:56:13] app.DEBUG: {"wheres":"{\"ResultWinner\":\"nc\",\"ResultServer\":1}"} [] []
[2015-12-30 12:56:13] app.DEBUG: {"ResultWinner":"nc","ResultServer":1} [] []
[2015-12-30 12:56:13] app.DEBUG: Statistics:Alerts:Totals/where3b1810df8ab3b7813cdffc33a4cb1bd0/limit10 [] []
[2015-12-30 12:56:13] app.DEBUG: {"wheres":"{\"ResultWinner\":\"tr\",\"ResultServer\":1}"} [] []
[2015-12-30 12:56:13] app.DEBUG: {"ResultWinner":"tr","ResultServer":1} [] []
[2015-12-30 12:56:13] app.DEBUG: Statistics:Alerts:Totals/where31af51c392ca77720a77736a4b8c567a/limit10 [] []
[2015-12-30 12:56:13] app.DEBUG: {"wheres":"{\"ResultWinner\":\"vs\",\"ResultServer\":1}"} [] []
[2015-12-30 12:56:13] app.DEBUG: {"ResultWinner":"vs","ResultServer":1} [] []
[2015-12-30 12:56:13] app.DEBUG: Statistics:Alerts:Totals/where739e189322e14e13f3c1fbda81f51c9b/limit10 [] []
[2015-12-30 12:56:22] app.DEBUG: {"wheres":"{\"ResultWinner\":\"nc\"}"} [] []
[2015-12-30 12:56:22] app.DEBUG: {"ResultWinner":"nc"} [] []
[2015-12-30 12:56:22] app.DEBUG: Statistics:Alerts:Totals/where6401a399eef6b1f0c70a03008199194a/limit10 [] []
[2015-12-30 12:56:22] app.DEBUG: {"wheres":"{\"ResultWinner\":\"tr\"}"} [] []
[2015-12-30 12:56:22] app.DEBUG: {"ResultWinner":"tr"} [] []
[2015-12-30 12:56:22] app.DEBUG: Statistics:Alerts:Totals/wherebb790bfbd8ab0741c8b0ad575e608649/limit10 [] []
[2015-12-30 12:56:22] app.DEBUG: {"wheres":"{\"ResultWinner\":\"vs\"}"} [] []
[2015-12-30 12:56:22] app.DEBUG: {"ResultWinner":"vs"} [] []
[2015-12-30 12:56:22] app.DEBUG: Statistics:Alerts:Totals/wherefb98a48ff2baebcd7d71c835f79766ec/limit10 [] []
[2015-12-30 12:56:22] app.DEBUG: {"wheres":"{\"Valid\":1}"} [] []
[2015-12-30 12:56:22] app.DEBUG: {"Valid":1} [] []
[2015-12-30 12:56:22] app.DEBUG: Statistics:Alerts:Totals/wherecd237ed26368bb0bf3ccd1b8e4f95c4e/limit10 [] []
[2015-12-30 12:56:22] app.DEBUG: {"wheres":"{\"ResultWinner\":\"draw\"}"} [] []
[2015-12-30 12:56:22] app.DEBUG: {"ResultWinner":"draw"} [] []
[2015-12-30 12:56:22] app.DEBUG: Statistics:Alerts:Totals/where79c01d5b723803cdfa559e3e90163007/limit10 [] []
[2015-12-30 12:56:22] app.DEBUG: {"wheres":"{\"ResultDomination\":1}"} [] []
[2015-12-30 12:56:22] app.DEBUG: {"ResultDomination":1} [] []
[2015-12-30 12:56:22] app.DEBUG: Statistics:Alerts:Totals/where15b3cb6e244a5699be236e67b3efd20e/limit10 [] []
[2015-12-30 12:56:23] app.DEBUG: {"wheres":"{\"ResultWinner\":\"vs\",\"ResultDomination\":1}"} [] []
[2015-12-30 12:56:23] app.DEBUG: {"ResultWinner":"vs","ResultDomination":1} [] []
[2015-12-30 12:56:23] app.DEBUG: Statistics:Alerts:Totals/where34cfc390a5369d73d59ff006d9076ea4/limit10 [] []
[2015-12-30 12:56:23] app.DEBUG: {"wheres":"{\"ResultWinner\":\"tr\",\"ResultDomination\":1}"} [] []
[2015-12-30 12:56:23] app.DEBUG: {"ResultWinner":"tr","ResultDomination":1} [] []
[2015-12-30 12:56:23] app.DEBUG: Statistics:Alerts:Totals/where7207b7684866e907a3bed3bab4ee90a5/limit10 [] []
[2015-12-30 12:56:23] app.DEBUG: {"wheres":"{\"ResultWinner\":\"nc\",\"ResultDomination\":1}"} [] []
[2015-12-30 12:56:24] app.DEBUG: {"ResultWinner":"nc","ResultDomination":1} [] []
[2015-12-30 12:56:24] app.DEBUG: Statistics:Alerts:Totals/where54f23076d2a5bd76b56634f9e8935984/limit10 [] []
[2015-12-30 12:56:25] app.DEBUG: {"wheres":"{\"ResultWinner\":\"nc\",\"ResultServer\":1}"} [] []
[2015-12-30 12:56:25] app.DEBUG: {"wheres":"{\"ResultWinner\":\"draw\",\"ResultServer\":1}"} [] []
[2015-12-30 12:56:25] app.DEBUG: {"ResultWinner":"nc","ResultServer":1} [] []
[2015-12-30 12:56:25] app.DEBUG: {"ResultWinner":"draw","ResultServer":1} [] []
[2015-12-30 12:56:25] app.DEBUG: Statistics:Alerts:Totals/where3b1810df8ab3b7813cdffc33a4cb1bd0/limit10 [] []
[2015-12-30 12:56:25] app.DEBUG: Statistics:Alerts:Totals/whereead4d0b24b5a3829198818b4f57ecc73/limit10 [] []
[2015-12-30 12:56:25] app.DEBUG: {"wheres":"{\"ResultWinner\":\"vs\",\"ResultServer\":1}"} [] []
[2015-12-30 12:56:25] app.DEBUG: {"ResultWinner":"vs","ResultServer":1} [] []
[2015-12-30 12:56:25] app.DEBUG: Statistics:Alerts:Totals/where739e189322e14e13f3c1fbda81f51c9b/limit10 [] []
[2015-12-30 12:56:25] app.DEBUG: {"wheres":"{\"ResultWinner\":\"tr\",\"ResultServer\":1}"} [] []
[2015-12-30 12:56:25] app.DEBUG: {"ResultWinner":"tr","ResultServer":1} [] []
[2015-12-30 12:56:25] app.DEBUG: Statistics:Alerts:Totals/where31af51c392ca77720a77736a4b8c567a/limit10 [] []
